C51 COMPILER V9.60.7.0   IN_ST                                                             04/27/2024 11:24:20 PAGE 1   


C51 COMPILER V9.60.7.0, COMPILATION OF MODULE IN_ST
OBJECT MODULE PLACED IN .\Objects\in_ST.obj
COMPILER INVOKED BY: G:\C51\BIN\C51.EXE in_ST.c OPTIMIZE(8,SPEED) BROWSE DEBUG OBJECTEXTEND PRINT(.\Listings\in_ST.lst) 
                    -TABS(2) OBJECT(.\Objects\in_ST.obj)

line level    source

   1          #include <REG51.H>
   2          sfr DAC_IN=0xA0;
   3          // void delay(unsigned char n)
   4          // {
   5          //   unsigned char i,j;
   6          //   for(i=0;i<n;i++)
   7          //   {
   8          //     for(j=0;j<1275;j++);
   9          //   }
  10          // }
  11           
  12           int main()
  13           {
  14   1         unsigned char i;
  15   1         while(1)
  16   1         {
  17   2           for(i=0;i<256;i++)
  18   2           {
  19   3             DAC_IN=i;
  20   3             //delay(5);
  21   3           }
  22   2               for(;i>0;i--)
  23   2           {
  24   3             DAC_IN=i;
  25   3             //delay(5);
  26   3           }
  27   2         }
  28   1         return 0;
  29   1       }
*** WARNING C294 IN LINE 28 OF in_ST.c: unreachable code


MODULE INFORMATION:   STATIC OVERLAYABLE
   CODE SIZE        =     25    ----
   CONSTANT SIZE    =   ----    ----
   XDATA SIZE       =   ----    ----
   PDATA SIZE       =   ----    ----
   DATA SIZE        =   ----    ----
   IDATA SIZE       =   ----    ----
   BIT SIZE         =   ----    ----
END OF MODULE INFORMATION.


C51 COMPILATION COMPLETE.  1 WARNING(S),  0 ERROR(S)
