C51 COMPILER V9.60.7.0   EN3                                                               05/01/2024 12:47:03 PAGE 1   


C51 COMPILER V9.60.7.0, COMPILATION OF MODULE EN3
OBJECT MODULE PLACED IN .\Objects\EN3.obj
COMPILER INVOKED BY: G:\C51\BIN\C51.EXE EN3.c OPTIMIZE(8,SPEED) BROWSE DEBUG OBJECTEXTEND PRINT(.\Listings\EN3.lst) TABS
                    -(2) OBJECT(.\Objects\EN3.obj)

line level    source

   1          #include <REG51.H>
   2          
   3          
   4          sbit LED = P1^0;
   5          sbit LED1 = P1^1;
   6          
   7          void ex0_isr() interrupt 0
   8          {
   9   1        LED1 = ~LED1;
  10   1      }
  11          
  12          void t0_isr() interrupt 1
  13          {
  14   1        LED= ~LED;
  15   1        TH0 = 0xEC;
  16   1        TL0 = 0x77;
  17   1      }
  18          
  19          
  20          int main()
  21          {
  22   1        TMOD = 0x01;
  23   1        TCON = 0x01;
  24   1        TH0 = 0xEC;
  25   1        TL0 = 0x77;
  26   1        IE = 0x83;
  27   1        TR0 = 1;
  28   1        while(1);
  29   1      }


MODULE INFORMATION:   STATIC OVERLAYABLE
   CODE SIZE        =     31    ----
   CONSTANT SIZE    =   ----    ----
   XDATA SIZE       =   ----    ----
   PDATA SIZE       =   ----    ----
   DATA SIZE        =   ----    ----
   IDATA SIZE       =   ----    ----
   BIT SIZE         =   ----    ----
END OF MODULE INFORMATION.


C51 COMPILATION COMPLETE.  0 WARNING(S),  0 ERROR(S)
