C51 COMPILER V9.60.7.0   EN2                                                               05/01/2024 16:43:00 PAGE 1   


C51 COMPILER V9.60.7.0, COMPILATION OF MODULE EN2
OBJECT MODULE PLACED IN .\Objects\EN2.obj
COMPILER INVOKED BY: G:\C51\BIN\C51.EXE EN2.c OPTIMIZE(8,SPEED) BROWSE DEBUG OBJECTEXTEND PRINT(.\Listings\EN2.lst) TABS
                    -(2) OBJECT(.\Objects\EN2.obj)

line level    source

   1          ////EN2
   2          ////BATCH
   3          ////QUESTION
   4          ////Generate rectangular wave on port pin P1.0 using External Interrupt 1 and perform
   5          ////Echo operation using Serial Communication Interrupt. Configure both interrupts as
   6          ////low level sensitive interrupts and assign highest priority to Serial Communication
   7          ////Interrupt. Also toggle P1.1 for Reception Interrupt and toggle P1.2 for Transmission
   8          ////Interrupt.
   9          ////EXPECTED External Interrupt1: - Rectangular wave on P1.0 – TASK1
  10          ////Serial Interrupt : - echo – TASK2 
  11          
  12          //#include <REG51.H>
  13          //unsigned char value;
  14          //sbit TP = P1^0;
  15          //sbit LED1= P1^2;
  16          //sbit LED2= P1^1;
  17          //void ex1_isr() interrupt 2
  18          //{
  19          //  TP = ~TP;
  20          //}
  21          
  22          
  23          //void scon_isr()interrupt 4
  24          //{
  25          //  if(RI==1)
  26          //  {
  27          //    LED2=~LED2;
  28          //    value=SBUF;
  29          //    SBUF=value;
  30          //    RI=0;
  31          //  }
  32          //  if(TI==1)
  33          //  {
  34          //    LED1=~LED1;
  35          //    TI=0;
  36          //  }
  37          //    
  38          //}
  39          // void timer_init()
  40          // {
  41          //   TMOD=0x20;
  42          //  TH1=0XFD;
  43          // }
  44          // void scon_init()
  45          // {
  46          //   SCON= 0x50;
  47          // }
  48          // void interr_init()
  49          // {
  50          //  IP = 0x10;
  51          //  IE = 0x94;
  52          // }
  53          //   
  54          //int main()
C51 COMPILER V9.60.7.0   EN2                                                               05/01/2024 16:43:00 PAGE 2   

  55          //{
  56          //  timer_init();
  57          //  scon_init();
  58          //  interr_init();
  59          //  TR1=1;
  60          //  while(1)
  61          //{
  62          // TP = 0;
  63          //}
  64          
  65          //} 
  66          
  67          
  68          
  69          
  70          
  71          #include <REG51.H>
  72          sbit LED = P1^0;
  73          sbit LED1=P1^1;
  74          sbit LED2=P1^2;
  75          unsigned char value;
  76          void msdelay(unsigned int time)
  77          {
  78   1        unsigned char i,j;
  79   1        for(i=0;i<255;i++)
  80   1        {
  81   2          for(j = 0;j<time;j++);
  82   2        }
  83   1      }
  84          
  85          void ex1_isr() interrupt 2
  86          {
  87   1        LED = 0;
  88   1        msdelay(10);
  89   1        LED = 1;
  90   1        msdelay(40);
  91   1      }
  92          void scom_isr()interrupt 4
  93          {
  94   1        if(RI==1)
  95   1        {
  96   2          LED2=~LED2;
  97   2          value=SBUF;
  98   2          SBUF=value;
  99   2          RI=0;
 100   2        }
 101   1        if(TI==1)
 102   1        {
 103   2          LED1=~LED1;
 104   2          TI=0;
 105   2        }
 106   1          
 107   1      }
 108            
 109          void init_timer()
 110          {
 111   1        TMOD=0x20;
 112   1        TH1=0xFD;
 113   1      }
 114          void init_scom()
 115          {
 116   1        SCON=0x50;
C51 COMPILER V9.60.7.0   EN2                                                               05/01/2024 16:43:00 PAGE 3   

 117   1      }
 118          void init_interrupt()
 119          {
 120   1        IP = 0x10;
 121   1        IE=0x94;
 122   1      }
 123          int main()
 124          {
 125   1        LED = 0;
 126   1        LED1=0;
 127   1        LED2=1;
 128   1        init_timer();
 129   1        init_scom();
 130   1        init_interrupt();
 131   1        TR1=1;
 132   1        while(1)
 133   1        {
 134   2          LED = 0;
 135   2        }
 136   1      }


MODULE INFORMATION:   STATIC OVERLAYABLE
   CODE SIZE        =    123    ----
   CONSTANT SIZE    =   ----    ----
   XDATA SIZE       =   ----    ----
   PDATA SIZE       =   ----    ----
   DATA SIZE        =      1    ----
   IDATA SIZE       =   ----    ----
   BIT SIZE         =   ----    ----
END OF MODULE INFORMATION.


C51 COMPILATION COMPLETE.  0 WARNING(S),  0 ERROR(S)
